<?xml version="1.0" encoding="UTF-8"?>
<testng-results ignored="0" total="1" passed="1" failed="0" skipped="0">
  <reporter-output>
  </reporter-output>
  <suite started-at="2021-09-06T07:14:19Z" name="Suite" finished-at="2021-09-06T07:15:22Z" duration-ms="63196">
    <groups>
    </groups>
    <test started-at="2021-09-06T07:14:19Z" name="Test" finished-at="2021-09-06T07:15:22Z" duration-ms="63196">
      <class name="TestCases_PracticeSession.Omayoblogspot">
        <test-method is-config="true" signature="setUpBrowser(java.lang.String)[pri:0, instance:TestCases_PracticeSession.Omayoblogspot@df6620a]" started-at="2021-09-06T07:14:19Z" name="setUpBrowser" finished-at="2021-09-06T07:14:28Z" duration-ms="9233" status="PASS">
          <params>
            <param index="0">
              <value>
                <![CDATA[chrome]]>
              </value>
            </param>
          </params>
          <reporter-output>
          </reporter-output>
        </test-method> <!-- setUpBrowser -->
        <test-method signature="omayoElements()[pri:0, instance:TestCases_PracticeSession.Omayoblogspot@df6620a]" started-at="2021-09-06T07:14:28Z" name="omayoElements" finished-at="2021-09-06T07:15:22Z" duration-ms="53905" status="PASS">
          <reporter-output>
          </reporter-output>
        </test-method> <!-- omayoElements -->
      </class> <!-- TestCases_PracticeSession.Omayoblogspot -->
    </test> <!-- Test -->
  </suite> <!-- Suite -->
</testng-results>
